Beseye-gradle/BeseyeApp/build/outputs/mapping/prod/release/seeds.txt
com.app.beseye.BeseyeAboutActivity
com.app.beseye.BeseyeAboutActivity: BeseyeAboutActivity()
com.app.beseye.BeseyeAboutActivity: void onClick(android.view.View)
com.app.beseye.BeseyeApplication
com.app.beseye.BeseyeApplication: BeseyeApplication()
com.app.beseye.BeseyeBaseActivity: java.lang.String KEY_FROM_ACTIVITY
com.app.beseye.BeseyeBaseActivity: boolean mbFirstResume
com.app.beseye.BeseyeBaseActivity: boolean mActivityDestroy
com.app.beseye.BeseyeBaseActivity: boolean mActivityResume
com.app.beseye.BeseyeBaseActivity: boolean mbIgnoreSessionCheck
com.app.beseye.BeseyeBaseActivity: boolean mbIgnoreCamVerCheck
com.app.beseye.BeseyeBaseActivity: boolean mbHaveCheckAppVer
com.app.beseye.BeseyeBaseActivity: java.lang.String mStrVCamID
com.app.beseye.BeseyeBaseActivity: java.lang.String mStrVCamName
com.app.beseye.BeseyeBaseActivity: org.json.JSONObject mCam_obj
com.app.beseye.BeseyeBaseActivity: long slLastTimeToCheckSession
com.app.beseye.BeseyeBaseActivity: int siActiveActivityCount
com.app.beseye.BeseyeBaseActivity: java.util.concurrent.ExecutorService FULL_TASK_EXECUTOR
com.app.beseye.BeseyeBaseActivity: android.os.Handler mHandler
com.app.beseye.BeseyeBaseActivity: net.hockeyapp.android.UpdateManagerListener mUpdateManagerListener
com.app.beseye.BeseyeBaseActivity: java.lang.String KEY_WARNING_TITLE
com.app.beseye.BeseyeBaseActivity: java.lang.String KEY_WARNING_TEXT
com.app.beseye.BeseyeBaseActivity: java.lang.String KEY_INFO_TITLE
com.app.beseye.BeseyeBaseActivity: java.lang.String KEY_INFO_TEXT
com.app.beseye.BeseyeBaseActivity: java.lang.String KEY_WARNING_CLOSE
com.app.beseye.BeseyeBaseActivity: int DIALOG_ID_LOADING
com.app.beseye.BeseyeBaseActivity: int DIALOG_ID_WARNING
com.app.beseye.BeseyeComputexModeActivity
com.app.beseye.BeseyeComputexModeActivity: BeseyeComputexModeActivity()
com.app.beseye.BeseyeComputexModeActivity: void onClick(android.view.View)
com.app.beseye.BeseyeEntryActivity
com.app.beseye.BeseyeEntryActivity: BeseyeEntryActivity()
com.app.beseye.BeseyeEntryActivity: void onClick(android.view.View)
com.app.beseye.BeseyeNavBarBaseActivity: BeseyeNavBarBaseActivity()
com.app.beseye.BeseyeNewsActivity
com.app.beseye.BeseyeNewsActivity: BeseyeNewsActivity()
com.app.beseye.BeseyeNewsActivity: void onClick(android.view.View)
com.app.beseye.BeseyeTOSAndPrivacyPolicyActivity
com.app.beseye.BeseyeTOSAndPrivacyPolicyActivity: BeseyeTOSAndPrivacyPolicyActivity()
com.app.beseye.BeseyeTrustDevAuthActivity
com.app.beseye.BeseyeTrustDevAuthActivity: BeseyeTrustDevAuthActivity()
com.app.beseye.BeseyeTrustDevAuthActivity: void onClick(android.view.View)
com.app.beseye.BeseyeTrustDevMgtActivity
com.app.beseye.BeseyeTrustDevMgtActivity: BeseyeTrustDevMgtActivity()
com.app.beseye.BeseyeTrustDevMgtActivity: void onClick(android.view.View)
com.app.beseye.CameraListActivity
com.app.beseye.CameraListActivity: CameraListActivity()
com.app.beseye.CameraListActivity: void onClick(android.view.View)
com.app.beseye.CameraUpdateActivity
com.app.beseye.CameraUpdateActivity: CameraUpdateActivity()
com.app.beseye.CameraUpdateActivity: void onClick(android.view.View)
...
com.google.android.gms.drive.events.ChangeEvent
com.google.android.gms.drive.events.ChangeEvent: android.os.Parcelable$Creator CREATOR
com.google.android.gms.drive.events.DriveEvent
com.google.android.gms.drive.events.FileConflictEvent
com.google.android.gms.drive.events.FileConflictEvent: android.os.Parcelable$Creator CREATOR
com.google.android.gms.drive.events.ResourceEvent
com.google.android.gms.drive.internal.AddEventListenerRequest
com.google.android.gms.drive.internal.AddEventListenerRequest: android.os.Parcelable$Creator CREATOR
com.google.android.gms.drive.internal.AuthorizeAccessRequest
com.google.android.gms.drive.internal.AuthorizeAccessRequest: android.os.Parcelable$Creator CREATOR
com.google.android.gms.drive.internal.CheckResourceIdsExistRequest
com.google.android.gms.drive.internal.CheckResourceIdsExistRequest: android.os.Parcelable$Creator CREATOR
com.google.android.gms.drive.internal.CloseContentsAndUpdateMetadataRequest
com.google.android.gms.drive.internal.CloseContentsAndUpdateMetadataRequest: android.os.Parcelable$Creator CREATOR
com.google.android.gms.drive.internal.CloseContentsRequest
com.google.android.gms.drive.internal.CloseContentsRequest: android.os.Parcelable$Creator CREATOR
com.google.android.gms.drive.internal.CreateContentsRequest
com.google.android.gms.drive.internal.CreateContentsRequest: android.os.Parcelable$Creator CREATOR
com.google.android.gms.drive.internal.CreateFileIntentSenderRequest
com.google.android.gms.drive.internal.CreateFileIntentSenderRequest: android.os.Parcelable$Creator CREATOR
com.google.android.gms.drive.internal.CreateFileRequest
com.google.android.gms.drive.internal.CreateFileRequest: android.os.Parcelable$Creator CREATOR
com.google.android.gms.drive.internal.CreateFolderRequest
com.google.android.gms.drive.internal.CreateFolderRequest: android.os.Parcelable$Creator CREATOR
com.google.android.gms.drive.internal.DeleteCustomPropertyRequest
com.google.android.gms.drive.internal.DeleteCustomPropertyRequest: android.os.Parcelable$Creator CREATOR
com.google.android.gms.drive.internal.DeleteResourceRequest
com.google.android.gms.drive.internal.DeleteResourceRequest: android.os.Parcelable$Creator CREATOR
com.google.android.gms.drive.internal.DisconnectRequest
com.google.android.gms.drive.internal.DisconnectRequest: android.os.Parcelable$Creator CREATOR
com.google.android.gms.drive.internal.GetDriveIdFromUniqueIdentifierRequest
com.google.android.gms.drive.internal.GetDriveIdFromUniqueIdentifierRequest: android.os.Parcelable$Creator CREATOR
com.google.android.gms.drive.internal.GetMetadataRequest
com.google.android.gms.drive.internal.GetMetadataRequest: android.os.Parcelable$Creator CREATOR
com.google.android.gms.drive.internal.ListParentsRequest
com.google.android.gms.drive.internal.ListParentsRequest: android.os.Parcelable$Creator CREATOR
com.google.android.gms.drive.internal.LoadRealtimeRequest
com.google.android.gms.drive.internal.LoadRealtimeRequest: android.os.Parcelable$Creator CREATOR
com.google.android.gms.drive.internal.OnContentsResponse
com.google.android.gms.drive.internal.OnContentsResponse: android.os.Parcelable$Creator CREATOR
com.google.android.gms.drive.internal.OnDownloadProgressResponse
com.google.android.gms.drive.internal.OnDownloadProgressResponse: android.os.Parcelable$Creator CREATOR
com.google.android.gms.drive.internal.OnDriveIdResponse
com.google.android.gms.drive.internal.OnDriveIdResponse: android.os.Parcelable$Creator CREATOR
com.google.android.gms.drive.internal.OnEventResponse
com.google.android.gms.drive.internal.OnEventResponse: android.os.Parcelable$Creator CREATOR
com.google.android.gms.drive.internal.OnListEntriesResponse
com.google.android.gms.drive.internal.OnListEntriesResponse: android.os.Parcelable$Creator CREATOR
com.google.android.gms.drive.internal.OnListParentsResponse
com.google.android.gms.drive.internal.OnListParentsResponse: android.os.Parcelable$Creator CREATOR