Beseye-gradle/BeseyeApp/build/outputs/mapping/prod/release/mapping.txt
com.app.beseye.BeseyeAboutActivity -> com.app.beseye.BeseyeAboutActivity:
    android.view.View mVwNavBar -> a
    android.support.v7.app.ActionBar$LayoutParams mNavBarLayoutParams -> e
    android.widget.ImageView mIvBack -> b
    android.widget.ImageView mIvLogo -> c
    android.widget.TextView mTxtNavTitle -> d
    int miSendLog -> f
    int miDetachCount -> g
    void <init>() -> <init>
    void onCreate(android.os.Bundle) -> onCreate
    int getLayoutId() -> getLayoutId
    void onClick(android.view.View) -> onClick
    void onPostExecute(android.os.AsyncTask,java.util.List,int) -> onPostExecute
com.app.beseye.BeseyeApplication -> com.app.beseye.BeseyeApplication:
    android.app.Application sApplication -> b
    java.lang.String sCurProcessName -> c
    java.lang.String sStrAppMark -> d
    long s_lLastPauseTs -> e
    int s_iVisibleCount -> f
    java.lang.ref.WeakReference sLastBeseyeAppStateChangeListener -> g
    com.app.beseye.BeseyeApplication$CheckBackgroundRunnable s_checkBackgroundRunnable -> h
    java.util.Set s_listeners -> i
    boolean s_bSeesionBegun -> a
    void <init>() -> <init>
    void onCreate() -> onCreate
    android.app.Application getApplication() -> a
    java.lang.String getAppMark() -> b
    java.lang.String getProcessName() -> c
    boolean isInMainProcess() -> d
    void increVisibleCount(android.content.Context) -> a
    void decreVisibleCount(android.content.Context) -> b
    void registerAppStateChangeListener(com.app.beseye.BeseyeApplication$BeseyeAppStateChangeListener) -> a
    void unregisterAppStateChangeListener(com.app.beseye.BeseyeApplication$BeseyeAppStateChangeListener) -> b
    void notifyAppEnterForeground(android.content.Context) -> d
    void notifyAppEnterBackground(android.content.Context) -> e
    void checkServerMode() -> e
    int access$000() -> f
    void access$100(android.content.Context) -> c
    void <clinit>() -> <clinit>
com.app.beseye.BeseyeApplication$BeseyeAppStateChangeListener -> com.app.beseye.a:
    void onAppEnterForeground() -> onAppEnterForeground
    void onAppEnterBackground() -> onAppEnterBackground
    void notifyServiceAppForeground() -> notifyServiceAppForeground
    void notifyServiceAppBackground() -> notifyServiceAppBackground
com.app.beseye.BeseyeApplication$CheckBackgroundRunnable -> com.app.beseye.b:
    java.lang.ref.WeakReference mContext -> a
    void <init>() -> <init>
    void run() -> run
    void updateContext(android.content.Context) -> a
com.app.beseye.BeseyeBaseActivity -> com.app.beseye.c:
    java.lang.String KEY_FROM_ACTIVITY -> KEY_FROM_ACTIVITY
    boolean mbFirstResume -> mbFirstResume
    boolean mActivityDestroy -> mActivityDestroy
    boolean mActivityResume -> mActivityResume
    boolean mbIgnoreSessionCheck -> mbIgnoreSessionCheck
    boolean mbIgnoreCamVerCheck -> mbIgnoreCamVerCheck
    boolean mbHaveCheckAppVer -> mbHaveCheckAppVer
    java.lang.String mStrVCamID -> mStrVCamID
    java.lang.String mStrVCamName -> mStrVCamName
    org.json.JSONObject mCam_obj -> mCam_obj
    long slLastTimeToCheckSession -> slLastTimeToCheckSession
    int siActiveActivityCount -> siActiveActivityCount
    java.util.concurrent.ExecutorService FULL_TASK_EXECUTOR -> FULL_TASK_EXECUTOR
    android.os.Handler mHandler -> mHandler
    net.hockeyapp.android.UpdateManagerListener mUpdateManagerListener -> mUpdateManagerListener
    java.lang.String KEY_WARNING_TITLE -> KEY_WARNING_TITLE
    java.lang.String KEY_WARNING_TEXT -> KEY_WARNING_TEXT
    java.lang.String KEY_INFO_TITLE -> KEY_INFO_TITLE
    java.lang.String KEY_INFO_TEXT -> KEY_INFO_TEXT
    java.lang.String KEY_WARNING_CLOSE -> KEY_WARNING_CLOSE
    int DIALOG_ID_LOADING -> DIALOG_ID_LOADING
    int DIALOG_ID_WARNING -> DIALOG_ID_WARNING
    int DIALOG_ID_SYNCING -> DIALOG_ID_SYNCING
    int DIALOG_ID_INFO -> DIALOG_ID_INFO
    int DIALOG_ID_SETTING -> DIALOG_ID_SETTING
    int DIALOG_ID_LOGIN -> DIALOG_ID_LOGIN
    int DIALOG_ID_SIGNUP -> DIALOG_ID_SIGNUP
...
com.baidu.android.pushservice.c.l -> com.baidu.android.pushservice.c.l:
    com.baidu.android.pushservice.c.l d -> d
    com.baidu.android.pushservice.c.l a(android.content.Context) -> a
    void <init>(android.content.Context) -> <init>
com.baidu.android.pushservice.d -> com.baidu.android.pushservice.d:
    com.baidu.android.pushservice.message.PublicMsg a -> a
    java.io.File b -> b
    android.content.Context c -> c
    android.app.PendingIntent d -> d
    android.app.PendingIntent e -> e
    boolean f -> f
    com.baidu.android.pushservice.c g -> g
    void <init>(com.baidu.android.pushservice.c,com.baidu.android.pushservice.message.PublicMsg,java.io.File,android.content.Context,android.app.PendingIntent,android.app.PendingIntent,boolean) -> <init>
    void run() -> run
com.baidu.android.pushservice.d.a -> com.baidu.android.pushservice.d.a:
    android.content.Context a -> a
    com.baidu.android.pushservice.d.l b -> b
    java.lang.String c -> c
    boolean d -> d
    void <init>(com.baidu.android.pushservice.d.l,android.content.Context) -> <init>
    void run() -> run
    void a() -> a
    boolean b() -> b
    int b(int) -> b
    void a(int) -> a
    void a(int,byte[]) -> a
    boolean c(java.lang.String) -> c
    void b(int,byte[]) -> b
    void a(java.lang.String) -> a
    void a(java.util.List) -> a
    java.lang.String b(java.lang.String) -> b
    void a(android.content.Intent) -> a
    void a(java.lang.String,int) -> a
com.baidu.android.pushservice.d.aa -> com.baidu.android.pushservice.d.aa:
    java.lang.String f -> f
    void <init>(com.baidu.android.pushservice.d.l,android.content.Context,java.lang.String) -> <init>
    void a(java.util.List) -> a
com.baidu.android.pushservice.d.ab -> com.baidu.android.pushservice.d.ab:
    java.lang.String e -> e
    java.lang.String f -> f
    java.lang.String g -> g
    java.lang.String h -> h
    void <init>(com.baidu.android.pushservice.d.l,android.content.Context,java.lang.String,java.lang.String,java.lang.String,java.lang.String) -> <init>
    void a(java.util.List) -> a
com.baidu.android.pushservice.d.ac -> com.baidu.android.pushservice.d.ac:
    java.lang.String e -> e
    com.baidu.android.pushservice.d.ac$a f -> f
    void <init>(com.baidu.android.pushservice.d.l,android.content.Context,java.lang.String) -> <init>
    void a(java.util.List) -> a
    java.lang.String b(java.lang.String) -> b
    void a(android.content.Intent) -> a
com.baidu.android.pushservice.d.ac$a -> com.baidu.android.pushservice.d.ac$a:
    void a(int) -> a
com.baidu.android.pushservice.d.ad -> com.baidu.android.pushservice.d.ad:
    android.content.Context a -> a
    int b -> b
    int c -> c
    boolean d -> d
    boolean e -> e
    void <init>(android.content.Context) -> <init>
    void run() -> run
    void a() -> a
    void a(int) -> a
    boolean b() -> b
    java.util.List c() -> c
    void d() -> d
com.baidu.android.pushservice.d.ae -> com.baidu.android.pushservice.d.ae:
    void <init>(com.baidu.android.pushservice.d.l,android.content.Context) -> <init>
    void a(java.util.List) -> a
com.baidu.android.pushservice.d.af -> com.baidu.android.pushservice.d.af:
    void <init>(com.baidu.android.pushservice.d.l,android.content.Context) -> <init>
    void a(java.util.List) -> a
com.baidu.android.pushservice.d.b -> com.baidu.android.pushservice.d.b:
    void a(java.util.List) -> a
    void a(android.content.Context) -> a
    void a(android.content.Context,java.util.ArrayList) -> a
com.baidu.android.pushservice.d.c -> com.baidu.android.pushservice.d.c:
    void <init>(com.baidu.android.pushservice.d.l,android.content.Context) -> <init>
    boolean b() -> b
com.baidu.android.pushservice.d.d -> com.baidu.android.pushservice.d.d:
    boolean e -> e
    void <init>(com.baidu.android.pushservice.d.l,android.content.Context) -> <init>
    java.lang.String b(java.lang.String) -> b