Beseye-gradle/BeseyeApp/build/outputs/mapping/prod/release/usage.txt
com.app.beseye.BeseyeApplication:
    public static final java.lang.String BESEYE_MAIN_PROCESS
    private static final long FG_CHECK_LATENCY
    private static final long BG_CHECK_LATENCY
com.app.beseye.BeseyeApplication$DataUpdateBroadcastReciever
com.app.beseye.BeseyeEntryActivity:
    public static final int REQUEST_SIGNUP
    public static final int REQUEST_SIGNIN
com.app.beseye.BeseyeNewsActivity:
    private static final int NUM_NEWS_QUERY
com.app.beseye.BeseyeNewsActivity$BeseyeNewsHistoryMgr:
    private static final java.lang.String DIVIDER
    289:289:public BeseyeNewsActivity$BeseyeNewsHistoryMgr()
    333:334:public static synchronized int getMaxTouchNewsIdx()
    382:382:public static synchronized int getMaxNewId()
com.app.beseye.BeseyeTOSAndPrivacyPolicyActivity:
    public static final java.lang.String TOS_PAGE
com.app.beseye.BeseyeTrustDevAuthActivity:
    private static final int NUM_OF_PINCODE
    private static final int NUM_OF_NUMBER
com.app.beseye.BuildConfig
com.app.beseye.CameraListActivity:
    public static final java.lang.String KEY_VCAM_OBJ
    public static final java.lang.String KEY_VCAM_ID
    public static final java.lang.String KEY_VCAM_NAME
    public static final java.lang.String KEY_VCAM_ADMIN
    public static final java.lang.String KEY_VCAM_UPSIDEDOWN
    public static final java.lang.String KEY_DEMO_CAM_MODE
    public static final java.lang.String KEY_DEMO_CAM_INFO
    public static final java.lang.String KEY_VALID_CAM_INFO
    public static final java.lang.String KEY_PRIVATE_CAM_MODE
    public static final int REQUEST_OTA_SUPPORT
com.app.beseye.CameraUpdateActivity:
    public static final java.lang.String KEY_UPDATE_INFO
com.app.beseye.CameraViewActivity$CheckVideoBlockRunnable:
    private static final long EXPIRE_VIDEO_BLOCK
    private static final long EXPIRE_VIDEO_NOT_START
com.app.beseye.CameraViewActivity$CheckVideoConnectionRunnable:
    private static final long EXPIRE_VIDEO_CONN
com.app.beseye.CameraViewActivity$UpdateDateTimeRunnable:
    2016:2025:public CameraViewActivity$UpdateDateTimeRunnable(android.widget.TextView,android.widget.TextView)
com.app.beseye.EventFilterActivity:
    public static final java.lang.String KEY_EVENT_FILTER_VALUE
    public static final int DEF_EVENT_FILTER_VALUE
    private com.app.beseye.widget.BeseyeSwitchBtn mNotifyMeSwitchBtn
com.app.beseye.EventListActivity:
    private static final long THUMBNAIL_URL_EXPIRE
    private static final int THUMBNAIL_BUNDLE_SIZE
    private static final int THUMBNAIL_JUMP_BUNDLE_SIZE
    private static final int THUMBNAIL_NUM
    public static final int REQUEST_EVENT_FILTER
    802:806:private int getItemCountInView()
com.app.beseye.GCMIntentService:
    public static final java.lang.String FORWARD_PUSH_MSG_ACTION
    public static final java.lang.String FORWARD_ACTION_TYPE
    public static final java.lang.String FORWARD_ACTION_TYPE_REG
    public static final java.lang.String FORWARD_ACTION_TYPE_UNREG
    public static final java.lang.String FORWARD_ACTION_TYPE_MSG
    public static final java.lang.String FORWARD_ACTION_TYPE_ERR
    public static final java.lang.String FORWARD_ACTION_TYPE_ERR_MSG
    public static final java.lang.String FORWARD_ACTION_TYPE_CHECK_DIALOG
com.app.beseye.Manifest
com.app.beseye.Manifest$permission
...
com.google.android.gms.internal.ca
com.google.android.gms.internal.ca$1
com.google.android.gms.internal.ca$10
com.google.android.gms.internal.ca$11
com.google.android.gms.internal.ca$2
com.google.android.gms.internal.ca$3
com.google.android.gms.internal.ca$4
com.google.android.gms.internal.ca$5
com.google.android.gms.internal.ca$6
com.google.android.gms.internal.ca$7
com.google.android.gms.internal.ca$8
com.google.android.gms.internal.ca$9
com.google.android.gms.internal.cb
com.google.android.gms.internal.cb$1
com.google.android.gms.internal.cc
com.google.android.gms.internal.ce:
    public ce(java.lang.String,java.lang.String,java.lang.String,java.lang.String,java.lang.String,java.lang.String,java.lang.String)
com.google.android.gms.internal.cf
com.google.android.gms.internal.cf$1
com.google.android.gms.internal.cf$a
com.google.android.gms.internal.cf$b
com.google.android.gms.internal.cf$c
com.google.android.gms.internal.ch:
    public static void a(android.content.Intent,com.google.android.gms.internal.ch)
    public static com.google.android.gms.internal.ch a(android.content.Intent)
    public ch(com.google.android.gms.internal.t,com.google.android.gms.internal.ci,com.google.android.gms.internal.cl,com.google.android.gms.internal.ex,int,com.google.android.gms.internal.ev,java.lang.String,com.google.android.gms.internal.v)
    public ch(com.google.android.gms.internal.t,com.google.android.gms.internal.ci,com.google.android.gms.internal.cl,com.google.android.gms.internal.ex,boolean,int,com.google.android.gms.internal.ev)
    public ch(com.google.android.gms.internal.t,com.google.android.gms.internal.ci,com.google.android.gms.internal.ba,com.google.android.gms.internal.cl,com.google.android.gms.internal.ex,boolean,int,java.lang.String,com.google.android.gms.internal.ev,com.google.android.gms.internal.bd)
    public ch(com.google.android.gms.internal.t,com.google.android.gms.internal.ci,com.google.android.gms.internal.ba,com.google.android.gms.internal.cl,com.google.android.gms.internal.ex,boolean,int,java.lang.String,java.lang.String,com.google.android.gms.internal.ev,com.google.android.gms.internal.bd)
    public ch(com.google.android.gms.internal.ce,com.google.android.gms.internal.t,com.google.android.gms.internal.ci,com.google.android.gms.internal.cl,com.google.android.gms.internal.ev)
com.google.android.gms.internal.ci:
    public abstract void Z()
    public abstract void aa()
com.google.android.gms.internal.cj
com.google.android.gms.internal.cj$a
com.google.android.gms.internal.cj$a$1
com.google.android.gms.internal.ck
com.google.android.gms.internal.cl:
    public abstract void Y()
com.google.android.gms.internal.cm
com.google.android.gms.internal.cm$a
com.google.android.gms.internal.cn
com.google.android.gms.internal.cn$a
com.google.android.gms.internal.cn$a$a
com.google.android.gms.internal.co
com.google.android.gms.internal.co$a
com.google.android.gms.internal.co$a$a
com.google.android.gms.internal.cq:
    public static void a(android.content.Intent,com.google.android.gms.internal.cq)
    public static com.google.android.gms.internal.cq b(android.content.Intent)
    public cq(com.google.android.gms.internal.db,com.google.android.gms.internal.dg,com.google.android.gms.internal.cz,android.content.Context)
com.google.android.gms.internal.cr
com.google.android.gms.internal.cs
com.google.android.gms.internal.cs$1
com.google.android.gms.internal.ct
com.google.android.gms.internal.cu
com.google.android.gms.internal.cv
com.google.android.gms.internal.cw
com.google.android.gms.internal.cx
com.google.android.gms.internal.cx$a
com.google.android.gms.internal.cy
com.google.android.gms.internal.cz:
    private final java.lang.String mz
    public cz(java.lang.String)
    public java.lang.String bm()
    public boolean a(java.lang.String,int,android.content.Intent)
com.google.android.gms.internal.d
com.google.android.gms.internal.d$a
com.google.android.gms.internal.da